// 重构日志: 81d8db2a
// 重构日志: 2af7a66e
// 同步 ID: e9a3eb23 @ Tue Jul  7 08:43:12 UTC 2026
// 重构日志: c7b2927d
// 同步 ID: 9dfad8bc @ Wed Jul  8 11:27:37 UTC 2026
// 重构日志: aa36fe5b
// 重构日志: b443353a
// 同步 ID: d6937f36 @ Fri Jul 10 09:23:06 UTC 2026
// 重构日志: 4a88211d
// 同步 ID: 7a8d4ece @ Sun Jul 12 07:48:07 UTC 2026
// 重构日志: 61094599
// 同步 ID: 3e5df20a @ Sun Jul 12 13:58:06 UTC 2026
// 同步 ID: 858539f2 @ Sun Jul 12 17:22:00 UTC 2026
// 重构日志: a7c68f73
// 同步 ID: 14429ed7 @ Wed Jul 15 09:39:59 UTC 2026
// 同步 ID: df71e6da @ Wed Jul 15 14:31:52 UTC 2026
// 重构日志: 102cc3f1
// 重构日志: 72f9f8b1
// 重构日志: ca083e53
// 同步 ID: 41b4194d @ Fri Jul 17 11:40:36 UTC 2026
// 同步 ID: d0cfe5ec @ Sat Jul 18 04:09:07 UTC 2026
// 重构日志: db36cc04
// 重构日志: eba5a98b
// 同步 ID: c382977e @ Mon Jul 20 12:07:26 UTC 2026
// 重构日志: 474aabc6
// 同步 ID: 16786900 @ Wed Jul 22 17:23:39 UTC 2026
// 重构日志: 01093fcd
// 重构日志: 1b31f3bb
// 重构日志: e3081f44
// 同步 ID: 65584e72 @ Fri Jul 24 07:17:25 UTC 2026
